hft_compliance.adb:1:04: (style) space required
hft_compliance.adb:8:07: (style) space required
hft_compliance.adb:16:16: warning: condition can only be False if invalid values present [-gnatwc]
hft_compliance.adb:16:27: warning: condition can only be False if invalid values present [-gnatwc]
hft_compliance.adb:22:10: (style) space required
hft_compliance.adb:26:07: (style) space required
hft_compliance.adb:29:61: warning: condition can only be False if invalid values present [-gnatwc]
hft_compliance.adb:41:07: (style) space required
hft_compliance.adb:48:10: (style) space required
hft_compliance.adb:61:07: (style) space required
hft_compliance.adb:64:10: (style) space required
hft_compliance.adb:70:01: (style) trailing spaces not permitted
hft_compliance.adb:71:10: (style) space required
hft_compliance.adb:77:01: (style) trailing spaces not permitted
hft_compliance.adb:84:10: (style) space required
hft_compliance.adb:88:07: (style) space required
hft_compliance.adb:97:80: (style) this line is too long
hft_compliance.adb:103:80: (style) this line is too long
hft_compliance.adb:106:10: (style) space required
hft_compliance.adb:110:01: (style) trailing spaces not permitted
hft_compliance.adb:111:10: (style) space required
hft_compliance.adb:115:01: (style) trailing spaces not permitted
hft_compliance.adb:119:07: (style) space required
hft_compliance.adb:122:10: (style) space required
hft_compliance.adb:126:80: (style) this line is too long
hft_compliance.adb:128:10: (style) space required
hft_compliance.adb:132:07: (style) space required
hft_compliance.adb:133:04: (style) subprogram body has no previous spec
hft_compliance.adb:143:28: warning: array aggregate using () is an obsolescent syntax, use [] instead [-gnatwj]
hft_compliance.adb:144:29: warning: array aggregate using () is an obsolescent syntax, use [] instead [-gnatwj]
hft_compliance.adb:145:80: (style) this line is too long
hft_compliance.adb:146:80: (style) this line is too long
hft_compliance.adb:150:07: (style) space required
hft_compliance.adb:151:80: (style) this line is too long
hft_compliance.adb:154:10: (style) space required
hft_compliance.adb:155:21: warning: condition is always True [-gnatwc]
hft_compliance.adb:155:21: warning: (see assignment at line 152) [-gnatwc]
hft_compliance.adb:158:01: (style) trailing spaces not permitted
hft_compliance.adb:159:10: (style) space required
hft_compliance.adb:161:01: (style) trailing spaces not permitted
hft_compliance.adb:162:10: (style) space required
hft_compliance.adb:163:80: (style) this line is too long
hft_compliance.adb:164:01: (style) trailing spaces not permitted
hft_compliance.adb:165:10: (style) space required
hft_compliance.adb:168:01: (style) trailing spaces not permitted
hft_compliance.adb:169:10: (style) space required
hft_compliance.adb:174:01: (style) trailing spaces not permitted
hft_compliance.adb:175:10: (style) space required
hft_compliance.adb:178:01: (style) trailing spaces not permitted
hft_compliance.adb:194:07: (style) space required
hft_compliance.adb:211:01: (style) trailing spaces not permitted
hft_compliance.adb:215:80: (style) this line is too long
hft_compliance.adb:222:01: (style) trailing spaces not permitted
hft_compliance.adb:230:01: (style) trailing spaces not permitted
hft_compliance.adb:239:01: (style) trailing spaces not permitted
hft_compliance.adb:250:01: (style) trailing spaces not permitted
hft_compliance.adb:262:07: (style) space required
hft_compliance.adb:272:01: (style) trailing spaces not permitted
hft_compliance.adb:283:01: (style) trailing spaces not permitted
hft_compliance.adb:285:80: (style) this line is too long
hft_compliance.adb:289:07: (style) space required
hft_compliance.adb:290:80: (style) this line is too long
hft_compliance.adb:297:01: (style) trailing spaces not permitted
hft_compliance.adb:301:80: (style) this line is too long
hft_compliance.adb:302:80: (style) this line is too long
hft_compliance.adb:303:80: (style) this line is too long
hft_compliance.adb:304:80: (style) this line is too long
hft_compliance.adb:305:80: (style) this line is too long
hft_compliance.adb:306:80: (style) this line is too long
hft_compliance.adb:312:01: (style) trailing spaces not permitted
hft_compliance.ads:1:04: (style) space required
hft_compliance.ads:2:04: (style) space required
hft_compliance.ads:9:07: (style) space required
hft_compliance.ads:16:07: (style) space required
hft_compliance.ads:26:07: (style) space required
hft_compliance.ads:28:80: (style) this line is too long
hft_compliance.ads:31:80: (style) this line is too long
hft_compliance.ads:33:07: (style) space required
hft_compliance.ads:37:07: (style) space required
hft_compliance.ads:39:62: (style) trailing spaces not permitted
hft_compliance.ads:42:80: (style) this line is too long
hft_compliance.ads:46:07: (style) space required
hft_compliance.ads:51:65: (style) trailing spaces not permitted
hft_compliance.ads:61:07: (style) space required
hft_compliance.ads:64:55: (style) trailing spaces not permitted
hft_compliance.ads:67:07: (style) space required
hft_compliance.ads:71:07: (style) space required
hft_compliance.ads:74:59: (style) trailing spaces not permitted
hft_compliance.ads:82:07: (style) space required
hft_compliance.ads:86:80: (style) this line is too long
hft_compliance.ads:87:63: (style) trailing spaces not permitted
hft_compliance.ads:90:07: (style) space required
hft_compliance.ads:91:80: (style) this line is too long
hft_compliance.ads:92:68: (style) trailing spaces not permitted
hft_compliance.ads:95:07: (style) space required
hft_compliance.ads:101:07: (style) space required
hft_compliance.ads:104:07: (style) space required
hft_compliance.ads:111:24: (style) space required
hft_compliance.ads:117:80: (style) this line is too long
