hft_engine.adb:1:04: (style) space required
hft_engine.adb:8:61: warning: condition can only be False if invalid values present [-gnatwc]
hft_engine.adb:18:10: (style) space required
hft_engine.adb:19:57: (style) trailing spaces not permitted
hft_engine.ads:1:04: (style) space required
hft_engine.ads:2:04: (style) space required
hft_engine.ads:8:07: (style) space required
hft_engine.ads:10:01: (style) trailing spaces not permitted
hft_engine.ads:11:07: (style) space required
hft_engine.ads:13:01: (style) trailing spaces not permitted
hft_engine.ads:14:07: (style) space required
hft_engine.ads:16:01: (style) trailing spaces not permitted
hft_engine.ads:17:07: (style) space required
hft_engine.ads:19:01: (style) trailing spaces not permitted
hft_engine.ads:20:07: (style) space required
hft_engine.ads:22:01: (style) trailing spaces not permitted
hft_engine.ads:23:07: (style) space required
hft_engine.ads:32:01: (style) trailing spaces not permitted
hft_engine.ads:33:07: (style) space required
hft_engine.ads:35:80: (style) this line is too long
hft_engine.ads:36:01: (style) trailing spaces not permitted
hft_engine.ads:37:07: (style) space required
hft_engine.ads:41:01: (style) trailing spaces not permitted
hft_engine.ads:42:07: (style) space required
hft_engine.ads:45:80: (style) this line is too long
